<?xml version="1.0" encoding="UTF-8"?>
<testsuite xmlns:xsi="http://www.w3.org/2001/XMLSchema-instance" xsi:noNamespaceSchemaLocation="https://maven.apache.org/surefire/maven-failsafe-plugin/xsd/failsafe-test-report-3.0.xsd" version="3.0" name="com.truesoft.construction.web.rest.ConstructionSiteWorkResourceIT" time="16.741" tests="2" errors="0" skipped="0" failures="0">
  <properties>
[...]
</properties>
  <testcase name="addConstructionSiteWork" classname="com.truesoft.construction.web.rest.ConstructionSiteWorkResourceIT" time="1.193"/>
  <testcase name="createConstructionSite" classname="com.truesoft.construction.web.rest.ConstructionSiteWorkResourceIT" time="0.056"/>
</testsuite>